
*** Running vivado
    with args -log design_2_Addr_ctrl_0_0.vds -m64 -product Vivado -mode batch -messageDb vivado.pb -notrace -source design_2_Addr_ctrl_0_0.tcl


****** Vivado v2021.1 (64-bit)
  **** SW Build 3247384 on Thu Jun 10 19:36:07 MDT 2021
  **** IP Build 3246043 on Fri Jun 11 00:30:35 MDT 2021
    ** Copyright 1986-2021 Xilinx, Inc. All Rights Reserved.

source design_2_Addr_ctrl_0_0.tcl -notrace
INFO: [IP_Flow 19-234] Refreshing IP repositories
INFO: [IP_Flow 19-1704] No user IP repositories specified
INFO: [IP_Flow 19-2313] Loaded Vivado IP repository '/tools/Xilinx/Vivado/2021.1/data/ip'.
Command: synth_design -top design_2_Addr_ctrl_0_0 -part xc7z020clg400-1 -mode out_of_context
Starting synth_design
Attempting to get a license for feature 'Synthesis' and/or device 'xc7z020'
INFO: [Common 17-349] Got license for feature 'Synthesis' and/or device 'xc7z020'
INFO: [Synth 8-7079] Multithreading enabled for synth_design using a maximum of 4 processes.
INFO: [Synth 8-7078] Launching helper process for spawning children vivado processes
INFO: [Synth 8-7075] Helper process launched with PID 138286
---------------------------------------------------------------------------------
Starting Synthesize : Time (s): cpu = 00:00:06 ; elapsed = 00:00:06 . Memory (MB): peak = 2458.145 ; gain = 0.000 ; free physical = 531 ; free virtual = 2544
---------------------------------------------------------------------------------
INFO: [Synth 8-638] synthesizing module 'design_2_Addr_ctrl_0_0' [/home/daniel/Documents/SDU/1.Semester_msc/Embedded/miniProject/EmbeddedSystems/IMU_SPI_UART/project_imu_spi_uart/project_imu_spi_uart.gen/sources_1/bd/design_2/ip/design_2_Addr_ctrl_0_0_1/synth/design_2_Addr_ctrl_0_0.vhd:64]
INFO: [Synth 8-3491] module 'Addr_ctrl' declared at '/home/daniel/Documents/SDU/1.Semester_msc/Embedded/miniProject/EmbeddedSystems/IMU_SPI_UART/project_imu_spi_uart/project_imu_spi_uart.srcs/sources_1/new/Addr_ctrl.vhd:35' bound to instance 'U0' of component 'Addr_ctrl' [/home/daniel/Documents/SDU/1.Semester_msc/Embedded/miniProject/EmbeddedSystems/IMU_SPI_UART/project_imu_spi_uart/project_imu_spi_uart.gen/sources_1/bd/design_2/ip/design_2_Addr_ctrl_0_0_1/synth/design_2_Addr_ctrl_0_0.vhd:87]
INFO: [Synth 8-638] synthesizing module 'Addr_ctrl' [/home/daniel/Documents/SDU/1.Semester_msc/Embedded/miniProject/EmbeddedSystems/IMU_SPI_UART/project_imu_spi_uart/project_imu_spi_uart.srcs/sources_1/new/Addr_ctrl.vhd:41]
INFO: [Synth 8-256] done synthesizing module 'Addr_ctrl' (1#1) [/home/daniel/Documents/SDU/1.Semester_msc/Embedded/miniProject/EmbeddedSystems/IMU_SPI_UART/project_imu_spi_uart/project_imu_spi_uart.srcs/sources_1/new/Addr_ctrl.vhd:41]
INFO: [Synth 8-256] done synthesizing module 'design_2_Addr_ctrl_0_0' (2#1) [/home/daniel/Documents/SDU/1.Semester_msc/Embedded/miniProject/EmbeddedSystems/IMU_SPI_UART/project_imu_spi_uart/project_imu_spi_uart.gen/sources_1/bd/design_2/ip/design_2_Addr_ctrl_0_0_1/synth/design_2_Addr_ctrl_0_0.vhd:64]
---------------------------------------------------------------------------------
Finished Synthesize : Time (s): cpu = 00:00:07 ; elapsed = 00:00:08 . Memory (MB): peak = 2458.145 ; gain = 0.000 ; free physical = 170 ; free virtual = 1684
---------------------------------------------------------------------------------
---------------------------------------------------------------------------------
Finished Constraint Validation : Time (s): cpu = 00:00:08 ; elapsed = 00:00:09 . Memory (MB): peak = 2458.145 ; gain = 0.000 ; free physical = 163 ; free virtual = 1680
---------------------------------------------------------------------------------
---------------------------------------------------------------------------------
Start Loading Part and Timing Information
---------------------------------------------------------------------------------
Loading part: xc7z020clg400-1
---------------------------------------------------------------------------------
Finished Loading Part and Timing Information : Time (s): cpu = 00:00:08 ; elapsed = 00:00:09 . Memory (MB): peak = 2465.852 ; gain = 7.707 ; free physical = 162 ; free virtual = 1680
---------------------------------------------------------------------------------
INFO: [Device 21-403] Loading part xc7z020clg400-1
---------------------------------------------------------------------------------
Finished RTL Optimization Phase 2 : Time (s): cpu = 00:00:08 ; elapsed = 00:00:09 . Memory (MB): peak = 2465.852 ; gain = 7.707 ; free physical = 156 ; free virtual = 1678
---------------------------------------------------------------------------------
No constraint files found.
---------------------------------------------------------------------------------
Start RTL Component Statistics 
---------------------------------------------------------------------------------
Detailed RTL Component Info : 
+---Registers : 
	                6 Bit    Registers := 1     
---------------------------------------------------------------------------------
Finished RTL Component Statistics 
---------------------------------------------------------------------------------
---------------------------------------------------------------------------------
Start Part Resource Summary
---------------------------------------------------------------------------------
Part Resources:
DSPs: 220 (col length:60)
BRAMs: 280 (col length: RAMB18 60 RAMB36 30)
---------------------------------------------------------------------------------
Finished Part Resource Summary
---------------------------------------------------------------------------------
No constraint files found.
---------------------------------------------------------------------------------
Start Cross Boundary and Area Optimization
---------------------------------------------------------------------------------
---------------------------------------------------------------------------------
Finished Cross Boundary and Area Optimization : Time (s): cpu = 00:00:13 ; elapsed = 00:00:14 . Memory (MB): peak = 2465.852 ; gain = 7.707 ; free physical = 772 ; free virtual = 2271
---------------------------------------------------------------------------------
No constraint files found.
---------------------------------------------------------------------------------
Start Timing Optimization
---------------------------------------------------------------------------------
---------------------------------------------------------------------------------
Finished Timing Optimization : Time (s): cpu = 00:00:13 ; elapsed = 00:00:14 . Memory (MB): peak = 2465.852 ; gain = 7.707 ; free physical = 768 ; free virtual = 2268
---------------------------------------------------------------------------------
---------------------------------------------------------------------------------
Start Technology Mapping
---------------------------------------------------------------------------------
---------------------------------------------------------------------------------
Finished Technology Mapping : Time (s): cpu = 00:00:13 ; elapsed = 00:00:14 . Memory (MB): peak = 2465.852 ; gain = 7.707 ; free physical = 768 ; free virtual = 2269
---------------------------------------------------------------------------------
---------------------------------------------------------------------------------
Start IO Insertion
---------------------------------------------------------------------------------
---------------------------------------------------------------------------------
Start Flattening Before IO Insertion
---------------------------------------------------------------------------------
---------------------------------------------------------------------------------
Finished Flattening Before IO Insertion
---------------------------------------------------------------------------------
---------------------------------------------------------------------------------
Start Final Netlist Cleanup
---------------------------------------------------------------------------------
---------------------------------------------------------------------------------
Finished Final Netlist Cleanup
---------------------------------------------------------------------------------
---------------------------------------------------------------------------------
Finished IO Insertion : Time (s): cpu = 00:00:17 ; elapsed = 00:00:18 . Memory (MB): peak = 2465.852 ; gain = 7.707 ; free physical = 771 ; free virtual = 2271
---------------------------------------------------------------------------------
---------------------------------------------------------------------------------
Start Renaming Generated Instances
---------------------------------------------------------------------------------
---------------------------------------------------------------------------------
Finished Renaming Generated Instances : Time (s): cpu = 00:00:17 ; elapsed = 00:00:18 . Memory (MB): peak = 2465.852 ; gain = 7.707 ; free physical = 771 ; free virtual = 2271
---------------------------------------------------------------------------------
---------------------------------------------------------------------------------
Start Rebuilding User Hierarchy
---------------------------------------------------------------------------------
---------------------------------------------------------------------------------
Finished Rebuilding User Hierarchy : Time (s): cpu = 00:00:17 ; elapsed = 00:00:18 . Memory (MB): peak = 2465.852 ; gain = 7.707 ; free physical = 770 ; free virtual = 2271
---------------------------------------------------------------------------------
---------------------------------------------------------------------------------
Start Renaming Generated Ports
---------------------------------------------------------------------------------
---------------------------------------------------------------------------------
Finished Renaming Generated Ports : Time (s): cpu = 00:00:17 ; elapsed = 00:00:18 . Memory (MB): peak = 2465.852 ; gain = 7.707 ; free physical = 770 ; free virtual = 2271
---------------------------------------------------------------------------------
---------------------------------------------------------------------------------
Start Handling Custom Attributes
---------------------------------------------------------------------------------
---------------------------------------------------------------------------------
Finished Handling Custom Attributes : Time (s): cpu = 00:00:17 ; elapsed = 00:00:18 . Memory (MB): peak = 2465.852 ; gain = 7.707 ; free physical = 770 ; free virtual = 2271
---------------------------------------------------------------------------------
---------------------------------------------------------------------------------
Start Renaming Generated Nets
---------------------------------------------------------------------------------
---------------------------------------------------------------------------------
Finished Renaming Generated Nets : Time (s): cpu = 00:00:17 ; elapsed = 00:00:18 . Memory (MB): peak = 2465.852 ; gain = 7.707 ; free physical = 770 ; free virtual = 2271
---------------------------------------------------------------------------------
---------------------------------------------------------------------------------
Start Writing Synthesis Report
---------------------------------------------------------------------------------

Report BlackBoxes: 
+-+--------------+----------+
| |BlackBox name |Instances |
+-+--------------+----------+
+-+--------------+----------+

Report Cell Usage: 
+------+-----+------+
|      |Cell |Count |
+------+-----+------+
|1     |LUT4 |     6|
|2     |FDRE |     6|
+------+-----+------+

Report Instance Areas: 
+------+---------+----------+------+
|      |Instance |Module    |Cells |
+------+---------+----------+------+
|1     |top      |          |    12|
|2     |  U0     |Addr_ctrl |    12|
+------+---------+----------+------+
---------------------------------------------------------------------------------
Finished Writing Synthesis Report : Time (s): cpu = 00:00:17 ; elapsed = 00:00:18 . Memory (MB): peak = 2465.852 ; gain = 7.707 ; free physical = 770 ; free virtual = 2271
---------------------------------------------------------------------------------
Synthesis finished with 0 errors, 0 critical warnings and 0 warnings.
Synthesis Optimization Runtime : Time (s): cpu = 00:00:17 ; elapsed = 00:00:18 . Memory (MB): peak = 2465.852 ; gain = 7.707 ; free physical = 772 ; free virtual = 2273
Synthesis Optimization Complete : Time (s): cpu = 00:00:17 ; elapsed = 00:00:18 . Memory (MB): peak = 2465.859 ; gain = 7.707 ; free physical = 772 ; free virtual = 2273
INFO: [Project 1-571] Translating synthesized netlist
Netlist sorting complete. Time (s): cpu = 00:00:00 ; elapsed = 00:00:00 . Memory (MB): peak = 2465.859 ; gain = 0.000 ; free physical = 850 ; free virtual = 2358
INFO: [Project 1-570] Preparing netlist for logic optimization
INFO: [Opt 31-138] Pushed 0 inverter(s) to 0 load pin(s).
Netlist sorting complete. Time (s): cpu = 00:00:00 ; elapsed = 00:00:00 . Memory (MB): peak = 2521.879 ; gain = 0.000 ; free physical = 737 ; free virtual = 2262
INFO: [Project 1-111] Unisim Transformation Summary:
No Unisim elements were transformed.

Synth Design complete, checksum: 9425a149
INFO: [Common 17-83] Releasing license: Synthesis
18 Infos, 0 Warnings, 0 Critical Warnings and 0 Errors encountered.
synth_design completed successfully
synth_design: Time (s): cpu = 00:00:29 ; elapsed = 00:00:21 . Memory (MB): peak = 2521.879 ; gain = 64.031 ; free physical = 887 ; free virtual = 2412
INFO: [Timing 38-35] Done setting XDC timing constraints.
INFO: [Common 17-1381] The checkpoint '/home/daniel/Documents/SDU/1.Semester_msc/Embedded/miniProject/EmbeddedSystems/IMU_SPI_UART/project_imu_spi_uart/project_imu_spi_uart.runs/design_2_Addr_ctrl_0_0_synth_1/design_2_Addr_ctrl_0_0.dcp' has been generated.
write_checkpoint: Time (s): cpu = 00:00:08 ; elapsed = 00:00:09 . Memory (MB): peak = 2693.707 ; gain = 171.828 ; free physical = 484 ; free virtual = 2043
INFO: [Coretcl 2-1648] Added synthesis output to IP cache for IP design_2_Addr_ctrl_0_0, cache-ID = f057cac9974d9bbd
INFO: [Common 17-1381] The checkpoint '/home/daniel/Documents/SDU/1.Semester_msc/Embedded/miniProject/EmbeddedSystems/IMU_SPI_UART/project_imu_spi_uart/project_imu_spi_uart.runs/design_2_Addr_ctrl_0_0_synth_1/design_2_Addr_ctrl_0_0.dcp' has been generated.
INFO: [runtcl-4] Executing : report_utilization -file design_2_Addr_ctrl_0_0_utilization_synth.rpt -pb design_2_Addr_ctrl_0_0_utilization_synth.pb
INFO: [Common 17-206] Exiting Vivado at Fri Dec 31 01:59:03 2021...
